{"/home/kgothatso012/sans-plan-examiner/src/plan-checker.js": {"path":"/home/kgothatso012/sans-plan-examiner/src/plan-checker.js","statementMap":{"0":{"start":{"line":8,"column":17},"end":{"line":122,"column":1}},"1":{"start":{"line":13,"column":21},"end":{"line":13,"column":40}},"2":{"start":{"line":13,"column":62},"end":{"line":13,"column":75}},"3":{"start":{"line":15,"column":21},"end":{"line":15,"column":40}},"4":{"start":{"line":15,"column":62},"end":{"line":15,"column":75}},"5":{"start":{"line":17,"column":21},"end":{"line":17,"column":43}},"6":{"start":{"line":17,"column":65},"end":{"line":17,"column":81}},"7":{"start":{"line":21,"column":21},"end":{"line":21,"column":38}},"8":{"start":{"line":21,"column":60},"end":{"line":21,"column":72}},"9":{"start":{"line":23,"column":21},"end":{"line":23,"column":38}},"10":{"start":{"line":23,"column":60},"end":{"line":23,"column":72}},"11":{"start":{"line":27,"column":21},"end":{"line":27,"column":43}},"12":{"start":{"line":27,"column":65},"end":{"line":27,"column":82}},"13":{"start":{"line":29,"column":21},"end":{"line":29,"column":42}},"14":{"start":{"line":29,"column":64},"end":{"line":29,"column":80}},"15":{"start":{"line":31,"column":21},"end":{"line":31,"column":42}},"16":{"start":{"line":31,"column":64},"end":{"line":31,"column":80}},"17":{"start":{"line":35,"column":21},"end":{"line":35,"column":38}},"18":{"start":{"line":35,"column":60},"end":{"line":35,"column":72}},"19":{"start":{"line":37,"column":21},"end":{"line":37,"column":45}},"20":{"start":{"line":37,"column":67},"end":{"line":37,"column":86}},"21":{"start":{"line":41,"column":21},"end":{"line":41,"column":41}},"22":{"start":{"line":41,"column":63},"end":{"line":41,"column":78}},"23":{"start":{"line":45,"column":21},"end":{"line":45,"column":36}},"24":{"start":{"line":45,"column":58},"end":{"line":45,"column":66}},"25":{"start":{"line":49,"column":21},"end":{"line":49,"column":43}},"26":{"start":{"line":49,"column":65},"end":{"line":49,"column":80}},"27":{"start":{"line":53,"column":21},"end":{"line":53,"column":42}},"28":{"start":{"line":53,"column":64},"end":{"line":53,"column":79}},"29":{"start":{"line":59,"column":21},"end":{"line":59,"column":46}},"30":{"start":{"line":59,"column":68},"end":{"line":59,"column":86}},"31":{"start":{"line":61,"column":21},"end":{"line":61,"column":52}},"32":{"start":{"line":61,"column":74},"end":{"line":61,"column":98}},"33":{"start":{"line":65,"column":21},"end":{"line":65,"column":48}},"34":{"start":{"line":65,"column":70},"end":{"line":65,"column":92}},"35":{"start":{"line":67,"column":21},"end":{"line":67,"column":42}},"36":{"start":{"line":67,"column":64},"end":{"line":67,"column":80}},"37":{"start":{"line":72,"column":21},"end":{"line":72,"column":43}},"38":{"start":{"line":72,"column":65},"end":{"line":72,"column":80}},"39":{"start":{"line":74,"column":21},"end":{"line":74,"column":44}},"40":{"start":{"line":74,"column":66},"end":{"line":74,"column":82}},"41":{"start":{"line":76,"column":21},"end":{"line":76,"column":43}},"42":{"start":{"line":76,"column":65},"end":{"line":76,"column":80}},"43":{"start":{"line":81,"column":21},"end":{"line":81,"column":45}},"44":{"start":{"line":81,"column":67},"end":{"line":81,"column":85}},"45":{"start":{"line":83,"column":21},"end":{"line":83,"column":46}},"46":{"start":{"line":83,"column":68},"end":{"line":83,"column":88}},"47":{"start":{"line":88,"column":21},"end":{"line":88,"column":54}},"48":{"start":{"line":88,"column":76},"end":{"line":88,"column":115}},"49":{"start":{"line":93,"column":21},"end":{"line":93,"column":86}},"50":{"start":{"line":94,"column":24},"end":{"line":94,"column":62}},"51":{"start":{"line":96,"column":21},"end":{"line":96,"column":47}},"52":{"start":{"line":96,"column":69},"end":{"line":96,"column":101}},"53":{"start":{"line":98,"column":21},"end":{"line":98,"column":52}},"54":{"start":{"line":98,"column":74},"end":{"line":98,"column":100}},"55":{"start":{"line":103,"column":21},"end":{"line":103,"column":46}},"56":{"start":{"line":103,"column":68},"end":{"line":103,"column":88}},"57":{"start":{"line":105,"column":21},"end":{"line":105,"column":49}},"58":{"start":{"line":105,"column":71},"end":{"line":105,"column":105}},"59":{"start":{"line":107,"column":21},"end":{"line":107,"column":46}},"60":{"start":{"line":107,"column":68},"end":{"line":107,"column":85}},"61":{"start":{"line":112,"column":21},"end":{"line":112,"column":46}},"62":{"start":{"line":112,"column":68},"end":{"line":112,"column":99}},"63":{"start":{"line":114,"column":21},"end":{"line":114,"column":48}},"64":{"start":{"line":114,"column":70},"end":{"line":114,"column":90}},"65":{"start":{"line":119,"column":21},"end":{"line":119,"column":41}},"66":{"start":{"line":119,"column":63},"end":{"line":119,"column":78}},"67":{"start":{"line":121,"column":21},"end":{"line":121,"column":54}},"68":{"start":{"line":121,"column":76},"end":{"line":121,"column":115}},"69":{"start":{"line":125,"column":20},"end":{"line":167,"column":1}},"70":{"start":{"line":171,"column":15},"end":{"line":171,"column":17}},"71":{"start":{"line":172,"column":2},"end":{"line":175,"column":5}},"72":{"start":{"line":173,"column":4},"end":{"line":173,"column":55}},"73":{"start":{"line":173,"column":30},"end":{"line":173,"column":55}},"74":{"start":{"line":174,"column":4},"end":{"line":174,"column":35}},"75":{"start":{"line":176,"column":2},"end":{"line":176,"column":73}},"76":{"start":{"line":176,"column":39},"end":{"line":176,"column":70}},"77":{"start":{"line":181,"column":15},"end":{"line":181,"column":33}},"78":{"start":{"line":183,"column":16},"end":{"line":183,"column":34}},"79":{"start":{"line":186,"column":19},"end":{"line":186,"column":54}},"80":{"start":{"line":187,"column":2},"end":{"line":187,"column":54}},"81":{"start":{"line":187,"column":16},"end":{"line":187,"column":54}},"82":{"start":{"line":190,"column":22},"end":{"line":190,"column":51}},"83":{"start":{"line":191,"column":2},"end":{"line":191,"column":59}},"84":{"start":{"line":191,"column":19},"end":{"line":191,"column":59}},"85":{"start":{"line":194,"column":21},"end":{"line":194,"column":72}},"86":{"start":{"line":195,"column":2},"end":{"line":195,"column":64}},"87":{"start":{"line":195,"column":18},"end":{"line":195,"column":64}},"88":{"start":{"line":197,"column":20},"end":{"line":197,"column":70}},"89":{"start":{"line":198,"column":2},"end":{"line":198,"column":61}},"90":{"start":{"line":198,"column":17},"end":{"line":198,"column":61}},"91":{"start":{"line":200,"column":20},"end":{"line":200,"column":70}},"92":{"start":{"line":201,"column":2},"end":{"line":201,"column":61}},"93":{"start":{"line":201,"column":17},"end":{"line":201,"column":61}},"94":{"start":{"line":204,"column":20},"end":{"line":204,"column":67}},"95":{"start":{"line":205,"column":2},"end":{"line":205,"column":55}},"96":{"start":{"line":205,"column":17},"end":{"line":205,"column":55}},"97":{"start":{"line":208,"column":19},"end":{"line":208,"column":52}},"98":{"start":{"line":209,"column":2},"end":{"line":214,"column":3}},"99":{"start":{"line":210,"column":20},"end":{"line":210,"column":41}},"100":{"start":{"line":211,"column":4},"end":{"line":213,"column":5}},"101":{"start":{"line":212,"column":6},"end":{"line":212,"column":66}},"102":{"start":{"line":216,"column":2},"end":{"line":216,"column":14}},"103":{"start":{"line":221,"column":15},"end":{"line":221,"column":40}},"104":{"start":{"line":223,"column":22},"end":{"line":223,"column":24}},"105":{"start":{"line":224,"column":22},"end":{"line":224,"column":24}},"106":{"start":{"line":225,"column":22},"end":{"line":225,"column":24}},"107":{"start":{"line":227,"column":2},"end":{"line":244,"column":5}},"108":{"start":{"line":228,"column":4},"end":{"line":243,"column":5}},"109":{"start":{"line":229,"column":21},"end":{"line":229,"column":37}},"110":{"start":{"line":230,"column":6},"end":{"line":240,"column":7}},"111":{"start":{"line":231,"column":8},"end":{"line":231,"column":89}},"112":{"start":{"line":232,"column":13},"end":{"line":240,"column":7}},"113":{"start":{"line":233,"column":8},"end":{"line":239,"column":11}},"114":{"start":{"line":242,"column":6},"end":{"line":242,"column":77}},"115":{"start":{"line":246,"column":21},"end":{"line":246,"column":36}},"116":{"start":{"line":247,"column":23},"end":{"line":247,"column":97}},"117":{"start":{"line":249,"column":2},"end":{"line":258,"column":4}},"118":{"start":{"line":263,"column":2},"end":{"line":263,"column":62}},"119":{"start":{"line":263,"column":19},"end":{"line":263,"column":62}},"120":{"start":{"line":264,"column":2},"end":{"line":264,"column":68}},"121":{"start":{"line":264,"column":19},"end":{"line":264,"column":68}},"122":{"start":{"line":265,"column":2},"end":{"line":265,"column":64}},"123":{"start":{"line":265,"column":19},"end":{"line":265,"column":64}},"124":{"start":{"line":266,"column":2},"end":{"line":266,"column":47}},"125":{"start":{"line":269,"column":0},"end":{"line":274,"column":2}}},"fnMap":{"0":{"name":"(anonymous_0)","decl":{"start":{"line":13,"column":11},"end":{"line":13,"column":12}},"loc":{"start":{"line":13,"column":21},"end":{"line":13,"column":40}},"line":13},"1":{"name":"(anonymous_1)","decl":{"start":{"line":13,"column":52},"end":{"line":13,"column":53}},"loc":{"start":{"line":13,"column":62},"end":{"line":13,"column":75}},"line":13},"2":{"name":"(anonymous_2)","decl":{"start":{"line":15,"column":11},"end":{"line":15,"column":12}},"loc":{"start":{"line":15,"column":21},"end":{"line":15,"column":40}},"line":15},"3":{"name":"(anonymous_3)","decl":{"start":{"line":15,"column":52},"end":{"line":15,"column":53}},"loc":{"start":{"line":15,"column":62},"end":{"line":15,"column":75}},"line":15},"4":{"name":"(anonymous_4)","decl":{"start":{"line":17,"column":11},"end":{"line":17,"column":12}},"loc":{"start":{"line":17,"column":21},"end":{"line":17,"column":43}},"line":17},"5":{"name":"(anonymous_5)","decl":{"start":{"line":17,"column":55},"end":{"line":17,"column":56}},"loc":{"start":{"line":17,"column":65},"end":{"line":17,"column":81}},"line":17},"6":{"name":"(anonymous_6)","decl":{"start":{"line":21,"column":11},"end":{"line":21,"column":12}},"loc":{"start":{"line":21,"column":21},"end":{"line":21,"column":38}},"line":21},"7":{"name":"(anonymous_7)","decl":{"start":{"line":21,"column":50},"end":{"line":21,"column":51}},"loc":{"start":{"line":21,"column":60},"end":{"line":21,"column":72}},"line":21},"8":{"name":"(anonymous_8)","decl":{"start":{"line":23,"column":11},"end":{"line":23,"column":12}},"loc":{"start":{"line":23,"column":21},"end":{"line":23,"column":38}},"line":23},"9":{"name":"(anonymous_9)","decl":{"start":{"line":23,"column":50},"end":{"line":23,"column":51}},"loc":{"start":{"line":23,"column":60},"end":{"line":23,"column":72}},"line":23},"10":{"name":"(anonymous_10)","decl":{"start":{"line":27,"column":11},"end":{"line":27,"column":12}},"loc":{"start":{"line":27,"column":21},"end":{"line":27,"column":43}},"line":27},"11":{"name":"(anonymous_11)","decl":{"start":{"line":27,"column":55},"end":{"line":27,"column":56}},"loc":{"start":{"line":27,"column":65},"end":{"line":27,"column":82}},"line":27},"12":{"name":"(anonymous_12)","decl":{"start":{"line":29,"column":11},"end":{"line":29,"column":12}},"loc":{"start":{"line":29,"column":21},"end":{"line":29,"column":42}},"line":29},"13":{"name":"(anonymous_13)","decl":{"start":{"line":29,"column":54},"end":{"line":29,"column":55}},"loc":{"start":{"line":29,"column":64},"end":{"line":29,"column":80}},"line":29},"14":{"name":"(anonymous_14)","decl":{"start":{"line":31,"column":11},"end":{"line":31,"column":12}},"loc":{"start":{"line":31,"column":21},"end":{"line":31,"column":42}},"line":31},"15":{"name":"(anonymous_15)","decl":{"start":{"line":31,"column":54},"end":{"line":31,"column":55}},"loc":{"start":{"line":31,"column":64},"end":{"line":31,"column":80}},"line":31},"16":{"name":"(anonymous_16)","decl":{"start":{"line":35,"column":11},"end":{"line":35,"column":12}},"loc":{"start":{"line":35,"column":21},"end":{"line":35,"column":38}},"line":35},"17":{"name":"(anonymous_17)","decl":{"start":{"line":35,"column":50},"end":{"line":35,"column":51}},"loc":{"start":{"line":35,"column":60},"end":{"line":35,"column":72}},"line":35},"18":{"name":"(anonymous_18)","decl":{"start":{"line":37,"column":11},"end":{"line":37,"column":12}},"loc":{"start":{"line":37,"column":21},"end":{"line":37,"column":45}},"line":37},"19":{"name":"(anonymous_19)","decl":{"start":{"line":37,"column":57},"end":{"line":37,"column":58}},"loc":{"start":{"line":37,"column":67},"end":{"line":37,"column":86}},"line":37},"20":{"name":"(anonymous_20)","decl":{"start":{"line":41,"column":11},"end":{"line":41,"column":12}},"loc":{"start":{"line":41,"column":21},"end":{"line":41,"column":41}},"line":41},"21":{"name":"(anonymous_21)","decl":{"start":{"line":41,"column":53},"end":{"line":41,"column":54}},"loc":{"start":{"line":41,"column":63},"end":{"line":41,"column":78}},"line":41},"22":{"name":"(anonymous_22)","decl":{"start":{"line":45,"column":11},"end":{"line":45,"column":12}},"loc":{"start":{"line":45,"column":21},"end":{"line":45,"column":36}},"line":45},"23":{"name":"(anonymous_23)","decl":{"start":{"line":45,"column":48},"end":{"line":45,"column":49}},"loc":{"start":{"line":45,"column":58},"end":{"line":45,"column":66}},"line":45},"24":{"name":"(anonymous_24)","decl":{"start":{"line":49,"column":11},"end":{"line":49,"column":12}},"loc":{"start":{"line":49,"column":21},"end":{"line":49,"column":43}},"line":49},"25":{"name":"(anonymous_25)","decl":{"start":{"line":49,"column":55},"end":{"line":49,"column":56}},"loc":{"start":{"line":49,"column":65},"end":{"line":49,"column":80}},"line":49},"26":{"name":"(anonymous_26)","decl":{"start":{"line":53,"column":11},"end":{"line":53,"column":12}},"loc":{"start":{"line":53,"column":21},"end":{"line":53,"column":42}},"line":53},"27":{"name":"(anonymous_27)","decl":{"start":{"line":53,"column":54},"end":{"line":53,"column":55}},"loc":{"start":{"line":53,"column":64},"end":{"line":53,"column":79}},"line":53},"28":{"name":"(anonymous_28)","decl":{"start":{"line":59,"column":11},"end":{"line":59,"column":12}},"loc":{"start":{"line":59,"column":21},"end":{"line":59,"column":46}},"line":59},"29":{"name":"(anonymous_29)","decl":{"start":{"line":59,"column":58},"end":{"line":59,"column":59}},"loc":{"start":{"line":59,"column":68},"end":{"line":59,"column":86}},"line":59},"30":{"name":"(anonymous_30)","decl":{"start":{"line":61,"column":11},"end":{"line":61,"column":12}},"loc":{"start":{"line":61,"column":21},"end":{"line":61,"column":52}},"line":61},"31":{"name":"(anonymous_31)","decl":{"start":{"line":61,"column":64},"end":{"line":61,"column":65}},"loc":{"start":{"line":61,"column":74},"end":{"line":61,"column":98}},"line":61},"32":{"name":"(anonymous_32)","decl":{"start":{"line":65,"column":11},"end":{"line":65,"column":12}},"loc":{"start":{"line":65,"column":21},"end":{"line":65,"column":48}},"line":65},"33":{"name":"(anonymous_33)","decl":{"start":{"line":65,"column":60},"end":{"line":65,"column":61}},"loc":{"start":{"line":65,"column":70},"end":{"line":65,"column":92}},"line":65},"34":{"name":"(anonymous_34)","decl":{"start":{"line":67,"column":11},"end":{"line":67,"column":12}},"loc":{"start":{"line":67,"column":21},"end":{"line":67,"column":42}},"line":67},"35":{"name":"(anonymous_35)","decl":{"start":{"line":67,"column":54},"end":{"line":67,"column":55}},"loc":{"start":{"line":67,"column":64},"end":{"line":67,"column":80}},"line":67},"36":{"name":"(anonymous_36)","decl":{"start":{"line":72,"column":11},"end":{"line":72,"column":12}},"loc":{"start":{"line":72,"column":21},"end":{"line":72,"column":43}},"line":72},"37":{"name":"(anonymous_37)","decl":{"start":{"line":72,"column":55},"end":{"line":72,"column":56}},"loc":{"start":{"line":72,"column":65},"end":{"line":72,"column":80}},"line":72},"38":{"name":"(anonymous_38)","decl":{"start":{"line":74,"column":11},"end":{"line":74,"column":12}},"loc":{"start":{"line":74,"column":21},"end":{"line":74,"column":44}},"line":74},"39":{"name":"(anonymous_39)","decl":{"start":{"line":74,"column":56},"end":{"line":74,"column":57}},"loc":{"start":{"line":74,"column":66},"end":{"line":74,"column":82}},"line":74},"40":{"name":"(anonymous_40)","decl":{"start":{"line":76,"column":11},"end":{"line":76,"column":12}},"loc":{"start":{"line":76,"column":21},"end":{"line":76,"column":43}},"line":76},"41":{"name":"(anonymous_41)","decl":{"start":{"line":76,"column":55},"end":{"line":76,"column":56}},"loc":{"start":{"line":76,"column":65},"end":{"line":76,"column":80}},"line":76},"42":{"name":"(anonymous_42)","decl":{"start":{"line":81,"column":11},"end":{"line":81,"column":12}},"loc":{"start":{"line":81,"column":21},"end":{"line":81,"column":45}},"line":81},"43":{"name":"(anonymous_43)","decl":{"start":{"line":81,"column":57},"end":{"line":81,"column":58}},"loc":{"start":{"line":81,"column":67},"end":{"line":81,"column":85}},"line":81},"44":{"name":"(anonymous_44)","decl":{"start":{"line":83,"column":11},"end":{"line":83,"column":12}},"loc":{"start":{"line":83,"column":21},"end":{"line":83,"column":46}},"line":83},"45":{"name":"(anonymous_45)","decl":{"start":{"line":83,"column":58},"end":{"line":83,"column":59}},"loc":{"start":{"line":83,"column":68},"end":{"line":83,"column":88}},"line":83},"46":{"name":"(anonymous_46)","decl":{"start":{"line":88,"column":11},"end":{"line":88,"column":12}},"loc":{"start":{"line":88,"column":21},"end":{"line":88,"column":54}},"line":88},"47":{"name":"(anonymous_47)","decl":{"start":{"line":88,"column":66},"end":{"line":88,"column":67}},"loc":{"start":{"line":88,"column":76},"end":{"line":88,"column":115}},"line":88},"48":{"name":"(anonymous_48)","decl":{"start":{"line":93,"column":11},"end":{"line":93,"column":12}},"loc":{"start":{"line":93,"column":21},"end":{"line":93,"column":86}},"line":93},"49":{"name":"(anonymous_49)","decl":{"start":{"line":94,"column":14},"end":{"line":94,"column":15}},"loc":{"start":{"line":94,"column":24},"end":{"line":94,"column":62}},"line":94},"50":{"name":"(anonymous_50)","decl":{"start":{"line":96,"column":11},"end":{"line":96,"column":12}},"loc":{"start":{"line":96,"column":21},"end":{"line":96,"column":47}},"line":96},"51":{"name":"(anonymous_51)","decl":{"start":{"line":96,"column":59},"end":{"line":96,"column":60}},"loc":{"start":{"line":96,"column":69},"end":{"line":96,"column":101}},"line":96},"52":{"name":"(anonymous_52)","decl":{"start":{"line":98,"column":11},"end":{"line":98,"column":12}},"loc":{"start":{"line":98,"column":21},"end":{"line":98,"column":52}},"line":98},"53":{"name":"(anonymous_53)","decl":{"start":{"line":98,"column":64},"end":{"line":98,"column":65}},"loc":{"start":{"line":98,"column":74},"end":{"line":98,"column":100}},"line":98},"54":{"name":"(anonymous_54)","decl":{"start":{"line":103,"column":11},"end":{"line":103,"column":12}},"loc":{"start":{"line":103,"column":21},"end":{"line":103,"column":46}},"line":103},"55":{"name":"(anonymous_55)","decl":{"start":{"line":103,"column":58},"end":{"line":103,"column":59}},"loc":{"start":{"line":103,"column":68},"end":{"line":103,"column":88}},"line":103},"56":{"name":"(anonymous_56)","decl":{"start":{"line":105,"column":11},"end":{"line":105,"column":12}},"loc":{"start":{"line":105,"column":21},"end":{"line":105,"column":49}},"line":105},"57":{"name":"(anonymous_57)","decl":{"start":{"line":105,"column":61},"end":{"line":105,"column":62}},"loc":{"start":{"line":105,"column":71},"end":{"line":105,"column":105}},"line":105},"58":{"name":"(anonymous_58)","decl":{"start":{"line":107,"column":11},"end":{"line":107,"column":12}},"loc":{"start":{"line":107,"column":21},"end":{"line":107,"column":46}},"line":107},"59":{"name":"(anonymous_59)","decl":{"start":{"line":107,"column":58},"end":{"line":107,"column":59}},"loc":{"start":{"line":107,"column":68},"end":{"line":107,"column":85}},"line":107},"60":{"name":"(anonymous_60)","decl":{"start":{"line":112,"column":11},"end":{"line":112,"column":12}},"loc":{"start":{"line":112,"column":21},"end":{"line":112,"column":46}},"line":112},"61":{"name":"(anonymous_61)","decl":{"start":{"line":112,"column":58},"end":{"line":112,"column":59}},"loc":{"start":{"line":112,"column":68},"end":{"line":112,"column":99}},"line":112},"62":{"name":"(anonymous_62)","decl":{"start":{"line":114,"column":11},"end":{"line":114,"column":12}},"loc":{"start":{"line":114,"column":21},"end":{"line":114,"column":48}},"line":114},"63":{"name":"(anonymous_63)","decl":{"start":{"line":114,"column":60},"end":{"line":114,"column":61}},"loc":{"start":{"line":114,"column":70},"end":{"line":114,"column":90}},"line":114},"64":{"name":"(anonymous_64)","decl":{"start":{"line":119,"column":11},"end":{"line":119,"column":12}},"loc":{"start":{"line":119,"column":21},"end":{"line":119,"column":41}},"line":119},"65":{"name":"(anonymous_65)","decl":{"start":{"line":119,"column":53},"end":{"line":119,"column":54}},"loc":{"start":{"line":119,"column":63},"end":{"line":119,"column":78}},"line":119},"66":{"name":"(anonymous_66)","decl":{"start":{"line":121,"column":11},"end":{"line":121,"column":12}},"loc":{"start":{"line":121,"column":21},"end":{"line":121,"column":54}},"line":121},"67":{"name":"(anonymous_67)","decl":{"start":{"line":121,"column":66},"end":{"line":121,"column":67}},"loc":{"start":{"line":121,"column":76},"end":{"line":121,"column":115}},"line":121},"68":{"name":"getAllCategories","decl":{"start":{"line":170,"column":9},"end":{"line":170,"column":25}},"loc":{"start":{"line":170,"column":28},"end":{"line":177,"column":1}},"line":170},"69":{"name":"(anonymous_69)","decl":{"start":{"line":172,"column":19},"end":{"line":172,"column":20}},"loc":{"start":{"line":172,"column":27},"end":{"line":175,"column":3}},"line":172},"70":{"name":"(anonymous_70)","decl":{"start":{"line":176,"column":31},"end":{"line":176,"column":32}},"loc":{"start":{"line":176,"column":39},"end":{"line":176,"column":70}},"line":176},"71":{"name":"extractDataFromText","decl":{"start":{"line":180,"column":9},"end":{"line":180,"column":28}},"loc":{"start":{"line":180,"column":35},"end":{"line":217,"column":1}},"line":180},"72":{"name":"analyzeDocument","decl":{"start":{"line":220,"column":9},"end":{"line":220,"column":24}},"loc":{"start":{"line":220,"column":77},"end":{"line":259,"column":1}},"line":220},"73":{"name":"(anonymous_73)","decl":{"start":{"line":227,"column":19},"end":{"line":227,"column":20}},"loc":{"start":{"line":227,"column":27},"end":{"line":244,"column":3}},"line":227},"74":{"name":"getComplianceLevel","decl":{"start":{"line":262,"column":9},"end":{"line":262,"column":27}},"loc":{"start":{"line":262,"column":35},"end":{"line":267,"column":1}},"line":262}},"branchMap":{"0":{"loc":{"start":{"line":88,"column":76},"end":{"line":88,"column":115}},"type":"cond-expr","locations":[{"start":{"line":88,"column":103},"end":{"line":88,"column":108}},{"start":{"line":88,"column":111},"end":{"line":88,"column":115}}],"line":88},"1":{"loc":{"start":{"line":93,"column":21},"end":{"line":93,"column":86}},"type":"binary-expr","locations":[{"start":{"line":93,"column":21},"end":{"line":93,"column":49}},{"start":{"line":93,"column":53},"end":{"line":93,"column":86}}],"line":93},"2":{"loc":{"start":{"line":94,"column":24},"end":{"line":94,"column":62}},"type":"binary-expr","locations":[{"start":{"line":94,"column":24},"end":{"line":94,"column":43}},{"start":{"line":94,"column":47},"end":{"line":94,"column":62}}],"line":94},"3":{"loc":{"start":{"line":96,"column":69},"end":{"line":96,"column":101}},"type":"cond-expr","locations":[{"start":{"line":96,"column":89},"end":{"line":96,"column":94}},{"start":{"line":96,"column":97},"end":{"line":96,"column":101}}],"line":96},"4":{"loc":{"start":{"line":105,"column":71},"end":{"line":105,"column":105}},"type":"cond-expr","locations":[{"start":{"line":105,"column":93},"end":{"line":105,"column":98}},{"start":{"line":105,"column":101},"end":{"line":105,"column":105}}],"line":105},"5":{"loc":{"start":{"line":112,"column":68},"end":{"line":112,"column":99}},"type":"cond-expr","locations":[{"start":{"line":112,"column":87},"end":{"line":112,"column":92}},{"start":{"line":112,"column":95},"end":{"line":112,"column":99}}],"line":112},"6":{"loc":{"start":{"line":121,"column":76},"end":{"line":121,"column":115}},"type":"cond-expr","locations":[{"start":{"line":121,"column":103},"end":{"line":121,"column":108}},{"start":{"line":121,"column":111},"end":{"line":121,"column":115}}],"line":121},"7":{"loc":{"start":{"line":173,"column":4},"end":{"line":173,"column":55}},"type":"if","locations":[{"start":{"line":173,"column":4},"end":{"line":173,"column":55}},{"start":{},"end":{}}],"line":173},"8":{"loc":{"start":{"line":187,"column":2},"end":{"line":187,"column":54}},"type":"if","locations":[{"start":{"line":187,"column":2},"end":{"line":187,"column":54}},{"start":{},"end":{}}],"line":187},"9":{"loc":{"start":{"line":191,"column":2},"end":{"line":191,"column":59}},"type":"if","locations":[{"start":{"line":191,"column":2},"end":{"line":191,"column":59}},{"start":{},"end":{}}],"line":191},"10":{"loc":{"start":{"line":195,"column":2},"end":{"line":195,"column":64}},"type":"if","locations":[{"start":{"line":195,"column":2},"end":{"line":195,"column":64}},{"start":{},"end":{}}],"line":195},"11":{"loc":{"start":{"line":198,"column":2},"end":{"line":198,"column":61}},"type":"if","locations":[{"start":{"line":198,"column":2},"end":{"line":198,"column":61}},{"start":{},"end":{}}],"line":198},"12":{"loc":{"start":{"line":201,"column":2},"end":{"line":201,"column":61}},"type":"if","locations":[{"start":{"line":201,"column":2},"end":{"line":201,"column":61}},{"start":{},"end":{}}],"line":201},"13":{"loc":{"start":{"line":205,"column":2},"end":{"line":205,"column":55}},"type":"if","locations":[{"start":{"line":205,"column":2},"end":{"line":205,"column":55}},{"start":{},"end":{}}],"line":205},"14":{"loc":{"start":{"line":209,"column":2},"end":{"line":214,"column":3}},"type":"if","locations":[{"start":{"line":209,"column":2},"end":{"line":214,"column":3}},{"start":{},"end":{}}],"line":209},"15":{"loc":{"start":{"line":211,"column":4},"end":{"line":213,"column":5}},"type":"if","locations":[{"start":{"line":211,"column":4},"end":{"line":213,"column":5}},{"start":{},"end":{}}],"line":211},"16":{"loc":{"start":{"line":211,"column":8},"end":{"line":211,"column":37}},"type":"binary-expr","locations":[{"start":{"line":211,"column":8},"end":{"line":211,"column":19}},{"start":{"line":211,"column":23},"end":{"line":211,"column":37}}],"line":211},"17":{"loc":{"start":{"line":220,"column":31},"end":{"line":220,"column":60}},"type":"default-arg","locations":[{"start":{"line":220,"column":46},"end":{"line":220,"column":60}}],"line":220},"18":{"loc":{"start":{"line":220,"column":62},"end":{"line":220,"column":75}},"type":"default-arg","locations":[{"start":{"line":220,"column":74},"end":{"line":220,"column":75}}],"line":220},"19":{"loc":{"start":{"line":230,"column":6},"end":{"line":240,"column":7}},"type":"if","locations":[{"start":{"line":230,"column":6},"end":{"line":240,"column":7}},{"start":{"line":232,"column":13},"end":{"line":240,"column":7}}],"line":230},"20":{"loc":{"start":{"line":232,"column":13},"end":{"line":240,"column":7}},"type":"if","locations":[{"start":{"line":232,"column":13},"end":{"line":240,"column":7}},{"start":{},"end":{}}],"line":232},"21":{"loc":{"start":{"line":247,"column":23},"end":{"line":247,"column":97}},"type":"cond-expr","locations":[{"start":{"line":247,"column":40},"end":{"line":247,"column":91}},{"start":{"line":247,"column":94},"end":{"line":247,"column":97}}],"line":247},"22":{"loc":{"start":{"line":263,"column":2},"end":{"line":263,"column":62}},"type":"if","locations":[{"start":{"line":263,"column":2},"end":{"line":263,"column":62}},{"start":{},"end":{}}],"line":263},"23":{"loc":{"start":{"line":264,"column":2},"end":{"line":264,"column":68}},"type":"if","locations":[{"start":{"line":264,"column":2},"end":{"line":264,"column":68}},{"start":{},"end":{}}],"line":264},"24":{"loc":{"start":{"line":265,"column":2},"end":{"line":265,"column":64}},"type":"if","locations":[{"start":{"line":265,"column":2},"end":{"line":265,"column":64}},{"start":{},"end":{}}],"line":265}},"s":{"0":7,"1":1151,"2":1145,"3":1149,"4":1145,"5":1149,"6":1145,"7":1151,"8":1145,"9":1149,"10":1145,"11":1151,"12":1145,"13":1149,"14":1145,"15":1149,"16":1145,"17":1151,"18":1145,"19":1148,"20":1145,"21":1148,"22":1145,"23":1148,"24":1145,"25":1148,"26":1145,"27":1148,"28":1145,"29":1150,"30":1145,"31":1147,"32":1145,"33":1149,"34":1145,"35":1147,"36":1145,"37":1149,"38":1145,"39":1149,"40":1145,"41":1149,"42":1145,"43":1148,"44":1145,"45":1148,"46":1145,"47":1148,"48":1145,"49":1147,"50":1145,"51":1147,"52":1145,"53":1147,"54":1145,"55":1151,"56":1145,"57":1150,"58":1145,"59":1152,"60":1145,"61":1146,"62":1145,"63":1146,"64":1145,"65":1146,"66":1145,"67":1146,"68":1145,"69":7,"70":12,"71":12,"72":408,"73":192,"74":408,"75":12,"76":192,"77":1145,"78":1145,"79":1145,"80":1145,"81":1123,"82":1145,"83":1145,"84":3,"85":1145,"86":1145,"87":4,"88":1145,"89":1145,"90":2,"91":1145,"92":1145,"93":1,"94":1145,"95":1145,"96":6,"97":1145,"98":1145,"99":1,"100":1,"101":1,"102":1145,"103":1145,"104":1145,"105":1145,"106":1145,"107":1145,"108":38930,"109":38930,"110":38930,"111":27495,"112":11435,"113":11435,"114":0,"115":1145,"116":1145,"117":1145,"118":1025,"119":106,"120":919,"121":210,"122":709,"123":205,"124":504,"125":7},"f":{"0":1151,"1":1145,"2":1149,"3":1145,"4":1149,"5":1145,"6":1151,"7":1145,"8":1149,"9":1145,"10":1151,"11":1145,"12":1149,"13":1145,"14":1149,"15":1145,"16":1151,"17":1145,"18":1148,"19":1145,"20":1148,"21":1145,"22":1148,"23":1145,"24":1148,"25":1145,"26":1148,"27":1145,"28":1150,"29":1145,"30":1147,"31":1145,"32":1149,"33":1145,"34":1147,"35":1145,"36":1149,"37":1145,"38":1149,"39":1145,"40":1149,"41":1145,"42":1148,"43":1145,"44":1148,"45":1145,"46":1148,"47":1145,"48":1147,"49":1145,"50":1147,"51":1145,"52":1147,"53":1145,"54":1151,"55":1145,"56":1150,"57":1145,"58":1152,"59":1145,"60":1146,"61":1145,"62":1146,"63":1145,"64":1146,"65":1145,"66":1146,"67":1145,"68":12,"69":408,"70":192,"71":1145,"72":1145,"73":38930,"74":1025},"b":{"0":[0,1145],"1":[1147,2],"2":[1145,1145],"3":[0,1145],"4":[0,1145],"5":[1145,0],"6":[0,1145],"7":[192,216],"8":[1123,22],"9":[3,1142],"10":[4,1141],"11":[2,1143],"12":[1,1144],"13":[6,1139],"14":[1,1144],"15":[1,0],"16":[1,1],"17":[0],"18":[0],"19":[27495,11435],"20":[11435,0],"21":[1145,0],"22":[106,919],"23":[210,709],"24":[205,504]},"_coverageSchema":"1a1c01bbd47fc00a2c39e90264f33305004495a9","hash":"dc226197b31668631545c3a94c142db106c6f02c"}
}
