TN:
SF:src/plan-checker.js
FN:13,(anonymous_0)
FN:13,(anonymous_1)
FN:15,(anonymous_2)
FN:15,(anonymous_3)
FN:17,(anonymous_4)
FN:17,(anonymous_5)
FN:21,(anonymous_6)
FN:21,(anonymous_7)
FN:23,(anonymous_8)
FN:23,(anonymous_9)
FN:27,(anonymous_10)
FN:27,(anonymous_11)
FN:29,(anonymous_12)
FN:29,(anonymous_13)
FN:31,(anonymous_14)
FN:31,(anonymous_15)
FN:35,(anonymous_16)
FN:35,(anonymous_17)
FN:37,(anonymous_18)
FN:37,(anonymous_19)
FN:41,(anonymous_20)
FN:41,(anonymous_21)
FN:45,(anonymous_22)
FN:45,(anonymous_23)
FN:49,(anonymous_24)
FN:49,(anonymous_25)
FN:53,(anonymous_26)
FN:53,(anonymous_27)
FN:59,(anonymous_28)
FN:59,(anonymous_29)
FN:61,(anonymous_30)
FN:61,(anonymous_31)
FN:65,(anonymous_32)
FN:65,(anonymous_33)
FN:67,(anonymous_34)
FN:67,(anonymous_35)
FN:72,(anonymous_36)
FN:72,(anonymous_37)
FN:74,(anonymous_38)
FN:74,(anonymous_39)
FN:76,(anonymous_40)
FN:76,(anonymous_41)
FN:81,(anonymous_42)
FN:81,(anonymous_43)
FN:83,(anonymous_44)
FN:83,(anonymous_45)
FN:88,(anonymous_46)
FN:88,(anonymous_47)
FN:93,(anonymous_48)
FN:94,(anonymous_49)
FN:96,(anonymous_50)
FN:96,(anonymous_51)
FN:98,(anonymous_52)
FN:98,(anonymous_53)
FN:103,(anonymous_54)
FN:103,(anonymous_55)
FN:105,(anonymous_56)
FN:105,(anonymous_57)
FN:107,(anonymous_58)
FN:107,(anonymous_59)
FN:112,(anonymous_60)
FN:112,(anonymous_61)
FN:114,(anonymous_62)
FN:114,(anonymous_63)
FN:119,(anonymous_64)
FN:119,(anonymous_65)
FN:121,(anonymous_66)
FN:121,(anonymous_67)
FN:170,getAllCategories
FN:172,(anonymous_69)
FN:176,(anonymous_70)
FN:180,extractDataFromText
FN:220,analyzeDocument
FN:227,(anonymous_73)
FN:262,getComplianceLevel
FNF:75
FNH:75
FNDA:1151,(anonymous_0)
FNDA:1145,(anonymous_1)
FNDA:1149,(anonymous_2)
FNDA:1145,(anonymous_3)
FNDA:1149,(anonymous_4)
FNDA:1145,(anonymous_5)
FNDA:1151,(anonymous_6)
FNDA:1145,(anonymous_7)
FNDA:1149,(anonymous_8)
FNDA:1145,(anonymous_9)
FNDA:1151,(anonymous_10)
FNDA:1145,(anonymous_11)
FNDA:1149,(anonymous_12)
FNDA:1145,(anonymous_13)
FNDA:1149,(anonymous_14)
FNDA:1145,(anonymous_15)
FNDA:1151,(anonymous_16)
FNDA:1145,(anonymous_17)
FNDA:1148,(anonymous_18)
FNDA:1145,(anonymous_19)
FNDA:1148,(anonymous_20)
FNDA:1145,(anonymous_21)
FNDA:1148,(anonymous_22)
FNDA:1145,(anonymous_23)
FNDA:1148,(anonymous_24)
FNDA:1145,(anonymous_25)
FNDA:1148,(anonymous_26)
FNDA:1145,(anonymous_27)
FNDA:1150,(anonymous_28)
FNDA:1145,(anonymous_29)
FNDA:1147,(anonymous_30)
FNDA:1145,(anonymous_31)
FNDA:1149,(anonymous_32)
FNDA:1145,(anonymous_33)
FNDA:1147,(anonymous_34)
FNDA:1145,(anonymous_35)
FNDA:1149,(anonymous_36)
FNDA:1145,(anonymous_37)
FNDA:1149,(anonymous_38)
FNDA:1145,(anonymous_39)
FNDA:1149,(anonymous_40)
FNDA:1145,(anonymous_41)
FNDA:1148,(anonymous_42)
FNDA:1145,(anonymous_43)
FNDA:1148,(anonymous_44)
FNDA:1145,(anonymous_45)
FNDA:1148,(anonymous_46)
FNDA:1145,(anonymous_47)
FNDA:1147,(anonymous_48)
FNDA:1145,(anonymous_49)
FNDA:1147,(anonymous_50)
FNDA:1145,(anonymous_51)
FNDA:1147,(anonymous_52)
FNDA:1145,(anonymous_53)
FNDA:1151,(anonymous_54)
FNDA:1145,(anonymous_55)
FNDA:1150,(anonymous_56)
FNDA:1145,(anonymous_57)
FNDA:1152,(anonymous_58)
FNDA:1145,(anonymous_59)
FNDA:1146,(anonymous_60)
FNDA:1145,(anonymous_61)
FNDA:1146,(anonymous_62)
FNDA:1145,(anonymous_63)
FNDA:1146,(anonymous_64)
FNDA:1145,(anonymous_65)
FNDA:1146,(anonymous_66)
FNDA:1145,(anonymous_67)
FNDA:12,getAllCategories
FNDA:408,(anonymous_69)
FNDA:192,(anonymous_70)
FNDA:1145,extractDataFromText
FNDA:1145,analyzeDocument
FNDA:38930,(anonymous_73)
FNDA:1025,getComplianceLevel
DA:8,7
DA:13,1151
DA:15,1149
DA:17,1149
DA:21,1151
DA:23,1149
DA:27,1151
DA:29,1149
DA:31,1149
DA:35,1151
DA:37,1148
DA:41,1148
DA:45,1148
DA:49,1148
DA:53,1148
DA:59,1150
DA:61,1147
DA:65,1149
DA:67,1147
DA:72,1149
DA:74,1149
DA:76,1149
DA:81,1148
DA:83,1148
DA:88,1148
DA:93,1147
DA:94,1145
DA:96,1147
DA:98,1147
DA:103,1151
DA:105,1150
DA:107,1152
DA:112,1146
DA:114,1146
DA:119,1146
DA:121,1146
DA:125,7
DA:171,12
DA:172,12
DA:173,408
DA:174,408
DA:176,192
DA:181,1145
DA:183,1145
DA:186,1145
DA:187,1145
DA:190,1145
DA:191,1145
DA:194,1145
DA:195,1145
DA:197,1145
DA:198,1145
DA:200,1145
DA:201,1145
DA:204,1145
DA:205,1145
DA:208,1145
DA:209,1145
DA:210,1
DA:211,1
DA:212,1
DA:216,1145
DA:221,1145
DA:223,1145
DA:224,1145
DA:225,1145
DA:227,1145
DA:228,38930
DA:229,38930
DA:230,38930
DA:231,27495
DA:232,11435
DA:233,11435
DA:242,0
DA:246,1145
DA:247,1145
DA:249,1145
DA:263,1025
DA:264,919
DA:265,709
DA:266,504
DA:269,7
LF:82
LH:81
BRDA:88,0,0,0
BRDA:88,0,1,1145
BRDA:93,1,0,1147
BRDA:93,1,1,2
BRDA:94,2,0,1145
BRDA:94,2,1,1145
BRDA:96,3,0,0
BRDA:96,3,1,1145
BRDA:105,4,0,0
BRDA:105,4,1,1145
BRDA:112,5,0,1145
BRDA:112,5,1,0
BRDA:121,6,0,0
BRDA:121,6,1,1145
BRDA:173,7,0,192
BRDA:173,7,1,216
BRDA:187,8,0,1123
BRDA:187,8,1,22
BRDA:191,9,0,3
BRDA:191,9,1,1142
BRDA:195,10,0,4
BRDA:195,10,1,1141
BRDA:198,11,0,2
BRDA:198,11,1,1143
BRDA:201,12,0,1
BRDA:201,12,1,1144
BRDA:205,13,0,6
BRDA:205,13,1,1139
BRDA:209,14,0,1
BRDA:209,14,1,1144
BRDA:211,15,0,1
BRDA:211,15,1,0
BRDA:211,16,0,1
BRDA:211,16,1,1
BRDA:220,17,0,0
BRDA:220,18,0,0
BRDA:230,19,0,27495
BRDA:230,19,1,11435
BRDA:232,20,0,11435
BRDA:232,20,1,0
BRDA:247,21,0,1145
BRDA:247,21,1,0
BRDA:263,22,0,106
BRDA:263,22,1,919
BRDA:264,23,0,210
BRDA:264,23,1,709
BRDA:265,24,0,205
BRDA:265,24,1,504
BRF:48
BRH:38
end_of_record
